[ 2015-06-17T14:53:53+08:00 ] 192.168.0.108 /octocat/index.php?g=user&m=index&a=is_login
INFO: [ app_begin ] --START--
INFO: Run Behavior\ReadHtmlCacheBehavior [ RunTime:0.000157s ]
INFO: Run Behavior\CheckLangBehavior [ RunTime:0.000150s ]
INFO: [ app_begin ] --END-- [ RunTime:0.000438s ]
NOTIC: [8] Undefined index: url /var/www/octocat/application/Common/Controller/AppframeController.class.php 第 43 行.

[ 2015-06-17T14:53:56+08:00 ] 192.168.0.108 /octocat/index.php?g=user&m=index&a=is_login
INFO: [ app_begin ] --START--
INFO: Run Behavior\ReadHtmlCacheBehavior [ RunTime:0.000138s ]
INFO: Run Behavior\CheckLangBehavior [ RunTime:0.000138s ]
INFO: [ app_begin ] --END-- [ RunTime:0.000395s ]
NOTIC: [8] Undefined index: url /var/www/octocat/application/Common/Controller/AppframeController.class.php 第 43 行.

[ 2015-06-17T14:53:58+08:00 ] 192.168.0.108 /octocat/index.php?g=user&m=index&a=is_login
INFO: [ app_begin ] --START--
INFO: Run Behavior\ReadHtmlCacheBehavior [ RunTime:0.000139s ]
INFO: Run Behavior\CheckLangBehavior [ RunTime:0.000139s ]
INFO: [ app_begin ] --END-- [ RunTime:0.000400s ]
NOTIC: [8] Undefined index: url /var/www/octocat/application/Common/Controller/AppframeController.class.php 第 43 行.

[ 2015-06-17T14:54:00+08:00 ] 192.168.0.108 /octocat/index.php?g=user&m=index&a=is_login
INFO: [ app_begin ] --START--
INFO: Run Behavior\ReadHtmlCacheBehavior [ RunTime:0.000153s ]
INFO: Run Behavior\CheckLangBehavior [ RunTime:0.000147s ]
INFO: [ app_begin ] --END-- [ RunTime:0.000426s ]
NOTIC: [8] Undefined index: url /var/www/octocat/application/Common/Controller/AppframeController.class.php 第 43 行.

[ 2015-06-17T14:54:03+08:00 ] 192.168.0.108 /octocat/index.php?g=user&m=index&a=is_login
INFO: [ app_begin ] --START--
INFO: Run Behavior\ReadHtmlCacheBehavior [ RunTime:0.000139s ]
INFO: Run Behavior\CheckLangBehavior [ RunTime:0.000139s ]
INFO: [ app_begin ] --END-- [ RunTime:0.000397s ]
NOTIC: [8] Undefined index: url /var/www/octocat/application/Common/Controller/AppframeController.class.php 第 43 行.

